The system is: Windows - 10.0.19045 - AMD64
Compiling the C compiler identification source file "CMakeCCompilerId.c" succeeded.
Compiler: C:/Program Files/Microsoft Visual Studio/2022/Community/VC/Tools/MSVC/14.35.32215/bin/Hostx64/x64/cl.exe 
Build flags: 
Id flags:  

The output was:
0
Microsoft (R) C/C++ wersja kompilatora optymalizującego 19.35.32215 dla x64
Copyright (C) Microsoft Corporation. Wszystkie prawa zastrzeżone.

CMakeCCompilerId.c
Microsoft (R) Incremental Linker Version 14.35.32215.0
Copyright (C) Microsoft Corporation.  All rights reserved.

/out:CMakeCCompilerId.exe 
CMakeCCompilerId.obj 


Compilation of the C compiler identification source "CMakeCCompilerId.c" produced "CMakeCCompilerId.exe"

Compilation of the C compiler identification source "CMakeCCompilerId.c" produced "CMakeCCompilerId.obj"

The C compiler identification is MSVC, found in "C:/Users/Daniel/CLionProjects/newgame-demo/cmake-build-debug/CMakeFiles/3.24.2/CompilerIdC/CMakeCCompilerId.exe"

Compiling the CXX compiler identification source file "CMakeCXXCompilerId.cpp" succeeded.
Compiler: C:/Program Files/Microsoft Visual Studio/2022/Community/VC/Tools/MSVC/14.35.32215/bin/Hostx64/x64/cl.exe 
Build flags: 
Id flags:  

The output was:
0
Microsoft (R) C/C++ wersja kompilatora optymalizującego 19.35.32215 dla x64
Copyright (C) Microsoft Corporation. Wszystkie prawa zastrzeżone.

CMakeCXXCompilerId.cpp
Microsoft (R) Incremental Linker Version 14.35.32215.0
Copyright (C) Microsoft Corporation.  All rights reserved.

/out:CMakeCXXCompilerId.exe 
CMakeCXXCompilerId.obj 


Compilation of the CXX compiler identification source "CMakeCXXCompilerId.cpp" produced "CMakeCXXCompilerId.exe"

Compilation of the CXX compiler identification source "CMakeCXXCompilerId.cpp" produced "CMakeCXXCompilerId.obj"

The CXX compiler identification is MSVC, found in "C:/Users/Daniel/CLionProjects/newgame-demo/cmake-build-debug/CMakeFiles/3.24.2/CompilerIdCXX/CMakeCXXCompilerId.exe"

Detecting C compiler ABI info compiled with the following output:
Change Dir: C:/Users/Daniel/CLionProjects/newgame-demo/cmake-build-debug/CMakeFiles/CMakeTmp

Run Build Command(s):nmake -f Makefile /nologo cmTC_66baf\fast && 	"C:\Program Files\Microsoft Visual Studio\2022\Community\VC\Tools\MSVC\14.35.32215\bin\HostX64\x64\nmake.exe"  -f CMakeFiles\cmTC_66baf.dir\build.make /nologo -L                  CMakeFiles\cmTC_66baf.dir\build
Building C object CMakeFiles/cmTC_66baf.dir/CMakeCCompilerABI.c.obj
	"C:\Program Files\JetBrains\CLion 2022.3.3\bin\cmake\win\x64\bin\cmake.exe" -E cmake_cl_compile_depends --dep-file=CMakeFiles\cmTC_66baf.dir\CMakeCCompilerABI.c.obj.d --working-dir=C:\Users\Daniel\CLionProjects\newgame-demo\cmake-build-debug\CMakeFiles\CMakeTmp --filter-prefix="Uwaga: w tym pliku:  " -- C:\PROGRA~1\MIB055~1\2022\COMMUN~1\VC\Tools\MSVC\1435~1.322\bin\Hostx64\x64\cl.exe @C:\Users\Daniel\AppData\Local\Temp\nm2FDC.tmp
CMakeCCompilerABI.c
Linking C executable cmTC_66baf.exe
	"C:\Program Files\JetBrains\CLion 2022.3.3\bin\cmake\win\x64\bin\cmake.exe" -E vs_link_exe --intdir=CMakeFiles\cmTC_66baf.dir --rc=C:\PROGRA~2\WI3CF2~1\10\bin\100220~1.0\x64\rc.exe --mt=C:\PROGRA~2\WI3CF2~1\10\bin\100220~1.0\x64\mt.exe --manifests -- C:\PROGRA~1\MIB055~1\2022\COMMUN~1\VC\Tools\MSVC\1435~1.322\bin\Hostx64\x64\link.exe /nologo @CMakeFiles\cmTC_66baf.dir\objects1.rsp @C:\Users\Daniel\AppData\Local\Temp\nm3144.tmp



Detecting CXX compiler ABI info compiled with the following output:
Change Dir: C:/Users/Daniel/CLionProjects/newgame-demo/cmake-build-debug/CMakeFiles/CMakeTmp

Run Build Command(s):nmake -f Makefile /nologo cmTC_20deb\fast && 	"C:\Program Files\Microsoft Visual Studio\2022\Community\VC\Tools\MSVC\14.35.32215\bin\HostX64\x64\nmake.exe"  -f CMakeFiles\cmTC_20deb.dir\build.make /nologo -L                  CMakeFiles\cmTC_20deb.dir\build
Building CXX object CMakeFiles/cmTC_20deb.dir/CMakeCXXCompilerABI.cpp.obj
	"C:\Program Files\JetBrains\CLion 2022.3.3\bin\cmake\win\x64\bin\cmake.exe" -E cmake_cl_compile_depends --dep-file=CMakeFiles\cmTC_20deb.dir\CMakeCXXCompilerABI.cpp.obj.d --working-dir=C:\Users\Daniel\CLionProjects\newgame-demo\cmake-build-debug\CMakeFiles\CMakeTmp --filter-prefix="Uwaga: w tym pliku:  " -- C:\PROGRA~1\MIB055~1\2022\COMMUN~1\VC\Tools\MSVC\1435~1.322\bin\Hostx64\x64\cl.exe @C:\Users\Daniel\AppData\Local\Temp\nm32CA.tmp
CMakeCXXCompilerABI.cpp
Linking CXX executable cmTC_20deb.exe
	"C:\Program Files\JetBrains\CLion 2022.3.3\bin\cmake\win\x64\bin\cmake.exe" -E vs_link_exe --intdir=CMakeFiles\cmTC_20deb.dir --rc=C:\PROGRA~2\WI3CF2~1\10\bin\100220~1.0\x64\rc.exe --mt=C:\PROGRA~2\WI3CF2~1\10\bin\100220~1.0\x64\mt.exe --manifests -- C:\PROGRA~1\MIB055~1\2022\COMMUN~1\VC\Tools\MSVC\1435~1.322\bin\Hostx64\x64\link.exe /nologo @CMakeFiles\cmTC_20deb.dir\objects1.rsp @C:\Users\Daniel\AppData\Local\Temp\nm3319.tmp



